[2023-06-25 17:56:09] [[32minfo[39m] Environment variables loaded!
[2023-06-25 17:56:10] [[32minfo[39m] Middleware's loaded!
[2023-06-25 17:56:10] [[32minfo[39m] Routes loaded!
[2023-06-25 17:58:31] [[32minfo[39m] Environment variables loaded!
[2023-06-25 17:58:31] [[32minfo[39m] Middleware's loaded!
[2023-06-25 17:58:31] [[32minfo[39m] Routes loaded!
[2023-06-25 17:58:44] [[32minfo[39m] Environment variables loaded!
[2023-06-25 17:58:44] [[32minfo[39m] Middleware's loaded!
[2023-06-25 17:58:44] [[32minfo[39m] Routes loaded!
[2023-06-25 17:58:48] [[32minfo[39m] Environment variables loaded!
[2023-06-25 17:58:49] [[32minfo[39m] Middleware's loaded!
[2023-06-25 17:58:49] [[32minfo[39m] Routes loaded!
[2023-06-25 17:58:51] [[32minfo[39m] Environment variables loaded!
[2023-06-25 17:58:51] [[32minfo[39m] Middleware's loaded!
[2023-06-25 17:58:51] [[32minfo[39m] Routes loaded!
[2023-06-25 17:58:57] [[32minfo[39m] Environment variables loaded!
[2023-06-25 17:58:57] [[32minfo[39m] Middleware's loaded!
[2023-06-25 17:58:57] [[32minfo[39m] Routes loaded!
[2023-06-25 17:59:01] [[32minfo[39m] Environment variables loaded!
[2023-06-25 17:59:01] [[32minfo[39m] Middleware's loaded!
[2023-06-25 17:59:01] [[32minfo[39m] Routes loaded!
[2023-06-25 17:59:06] [[32minfo[39m] Environment variables loaded!
[2023-06-25 17:59:06] [[32minfo[39m] Middleware's loaded!
[2023-06-25 17:59:06] [[32minfo[39m] Routes loaded!
[2023-06-25 17:59:12] [[32minfo[39m] Environment variables loaded!
[2023-06-25 17:59:12] [[32minfo[39m] Middleware's loaded!
[2023-06-25 17:59:12] [[32minfo[39m] Routes loaded!
[2023-06-25 17:59:19] [[32minfo[39m] Environment variables loaded!
[2023-06-25 17:59:19] [[32minfo[39m] Middleware's loaded!
[2023-06-25 17:59:19] [[32minfo[39m] Routes loaded!
[2023-06-25 17:59:21] [[32minfo[39m] Environment variables loaded!
[2023-06-25 17:59:21] [[32minfo[39m] Middleware's loaded!
[2023-06-25 17:59:21] [[32minfo[39m] Routes loaded!
[2023-06-25 17:59:33] [[32minfo[39m] Environment variables loaded!
[2023-06-25 17:59:34] [[32minfo[39m] Middleware's loaded!
[2023-06-25 17:59:34] [[32minfo[39m] Routes loaded!
[2023-06-25 17:59:37] [[32minfo[39m] Environment variables loaded!
[2023-06-25 17:59:37] [[32minfo[39m] Middleware's loaded!
[2023-06-25 17:59:37] [[32minfo[39m] Routes loaded!
[2023-06-25 18:20:35] [[32minfo[39m] Environment variables loaded!
[2023-06-25 18:20:36] [[32minfo[39m] Middleware's loaded!
[2023-06-25 18:20:36] [[32minfo[39m] Routes loaded!
[2023-06-25 18:26:31] [[32minfo[39m] Environment variables loaded!
[2023-06-25 18:26:31] [[32minfo[39m] Middleware's loaded!
[2023-06-25 18:26:31] [[32minfo[39m] Routes loaded!
[2023-06-25 18:26:32] [[32minfo[39m] Environment variables loaded!
[2023-06-25 18:26:32] [[32minfo[39m] Middleware's loaded!
[2023-06-25 18:26:32] [[32minfo[39m] Routes loaded!
[2023-06-25 18:26:37] [[32minfo[39m] Environment variables loaded!
[2023-06-25 18:26:37] [[32minfo[39m] Middleware's loaded!
[2023-06-25 18:26:37] [[32minfo[39m] Routes loaded!
[2023-06-25 18:26:41] [[32minfo[39m] Environment variables loaded!
[2023-06-25 18:26:42] [[32minfo[39m] Middleware's loaded!
[2023-06-25 18:26:42] [[32minfo[39m] Routes loaded!
[2023-06-25 18:26:43] [[32minfo[39m] Environment variables loaded!
[2023-06-25 18:26:43] [[32minfo[39m] Middleware's loaded!
[2023-06-25 18:26:43] [[32minfo[39m] Routes loaded!
[2023-06-25 18:26:50] [[32minfo[39m] Environment variables loaded!
[2023-06-25 18:26:50] [[32minfo[39m] Middleware's loaded!
[2023-06-25 18:26:50] [[32minfo[39m] Routes loaded!
[2023-06-25 18:26:51] [[32minfo[39m] Environment variables loaded!
[2023-06-25 18:26:51] [[32minfo[39m] Middleware's loaded!
[2023-06-25 18:26:51] [[32minfo[39m] Routes loaded!
[2023-06-25 18:27:18] [[32minfo[39m] Environment variables loaded!
[2023-06-25 18:27:18] [[32minfo[39m] Middleware's loaded!
[2023-06-25 18:27:18] [[32minfo[39m] Routes loaded!
[2023-06-25 18:27:53] [[32minfo[39m] Environment variables loaded!
[2023-06-25 18:27:53] [[32minfo[39m] Middleware's loaded!
[2023-06-25 18:27:53] [[32minfo[39m] Routes loaded!
[2023-06-25 18:27:57] [[32minfo[39m] Environment variables loaded!
[2023-06-25 18:27:58] [[32minfo[39m] Middleware's loaded!
[2023-06-25 18:27:58] [[32minfo[39m] Routes loaded!
[2023-06-25 18:28:01] [[32minfo[39m] Environment variables loaded!
[2023-06-25 18:28:01] [[31merror[39m] uncaughtException: Cannot find module 'joi'
Require stack:
- E:\Najot talim\Exam_3\src\controllers\category.js
- E:\Najot talim\Exam_3\src\routes\category.js
- E:\Najot talim\Exam_3\src\routes\index.js
- E:\Najot talim\Exam_3\src\server.js
Error: Cannot find module 'joi'
Require stack:
- E:\Najot talim\Exam_3\src\controllers\category.js
- E:\Najot talim\Exam_3\src\routes\category.js
- E:\Najot talim\Exam_3\src\routes\index.js
- E:\Najot talim\Exam_3\src\server.js
    at Module._resolveFilename (node:internal/modules/cjs/loader:1075:15)
    at Module._load (node:internal/modules/cjs/loader:920:27)
    at Module.require (node:internal/modules/cjs/loader:1141:19)
    at require (node:internal/modules/cjs/helpers:110:18)
    at Object.<anonymous> (E:\Najot talim\Exam_3\src\controllers\category.js:5:13)
    at Module._compile (node:internal/modules/cjs/loader:1254:14)
    at Module._extensions..js (node:internal/modules/cjs/loader:1308:10)
    at Module.load (node:internal/modules/cjs/loader:1117:32)
    at Module._load (node:internal/modules/cjs/loader:958:12)
    at Module.require (node:internal/modules/cjs/loader:1141:19)
[2023-06-25 18:28:05] [[32minfo[39m] Environment variables loaded!
[2023-06-25 18:28:05] [[31merror[39m] uncaughtException: Cannot find module 'joi'
Require stack:
- E:\Najot talim\Exam_3\src\controllers\category.js
- E:\Najot talim\Exam_3\src\routes\category.js
- E:\Najot talim\Exam_3\src\routes\index.js
- E:\Najot talim\Exam_3\src\server.js
Error: Cannot find module 'joi'
Require stack:
- E:\Najot talim\Exam_3\src\controllers\category.js
- E:\Najot talim\Exam_3\src\routes\category.js
- E:\Najot talim\Exam_3\src\routes\index.js
- E:\Najot talim\Exam_3\src\server.js
    at Module._resolveFilename (node:internal/modules/cjs/loader:1075:15)
    at Module._load (node:internal/modules/cjs/loader:920:27)
    at Module.require (node:internal/modules/cjs/loader:1141:19)
    at require (node:internal/modules/cjs/helpers:110:18)
    at Object.<anonymous> (E:\Najot talim\Exam_3\src\controllers\category.js:5:13)
    at Module._compile (node:internal/modules/cjs/loader:1254:14)
    at Module._extensions..js (node:internal/modules/cjs/loader:1308:10)
    at Module.load (node:internal/modules/cjs/loader:1117:32)
    at Module._load (node:internal/modules/cjs/loader:958:12)
    at Module.require (node:internal/modules/cjs/loader:1141:19)
[2023-06-25 18:28:08] [[32minfo[39m] Environment variables loaded!
[2023-06-25 18:28:08] [[31merror[39m] uncaughtException: Cannot find module 'joi'
Require stack:
- E:\Najot talim\Exam_3\src\controllers\category.js
- E:\Najot talim\Exam_3\src\routes\category.js
- E:\Najot talim\Exam_3\src\routes\index.js
- E:\Najot talim\Exam_3\src\server.js
Error: Cannot find module 'joi'
Require stack:
- E:\Najot talim\Exam_3\src\controllers\category.js
- E:\Najot talim\Exam_3\src\routes\category.js
- E:\Najot talim\Exam_3\src\routes\index.js
- E:\Najot talim\Exam_3\src\server.js
    at Module._resolveFilename (node:internal/modules/cjs/loader:1075:15)
    at Module._load (node:internal/modules/cjs/loader:920:27)
    at Module.require (node:internal/modules/cjs/loader:1141:19)
    at require (node:internal/modules/cjs/helpers:110:18)
    at Object.<anonymous> (E:\Najot talim\Exam_3\src\controllers\category.js:5:13)
    at Module._compile (node:internal/modules/cjs/loader:1254:14)
    at Module._extensions..js (node:internal/modules/cjs/loader:1308:10)
    at Module.load (node:internal/modules/cjs/loader:1117:32)
    at Module._load (node:internal/modules/cjs/loader:958:12)
    at Module.require (node:internal/modules/cjs/loader:1141:19)
[2023-06-25 18:28:51] [[32minfo[39m] Environment variables loaded!
[2023-06-25 18:28:51] [[32minfo[39m] Middleware's loaded!
[2023-06-25 18:28:51] [[32minfo[39m] Routes loaded!
[2023-06-25 18:29:35] [[32minfo[39m] Environment variables loaded!
[2023-06-25 18:29:35] [[32minfo[39m] Middleware's loaded!
[2023-06-25 18:29:35] [[32minfo[39m] Routes loaded!
[2023-06-25 18:33:24] [[32minfo[39m] Environment variables loaded!
[2023-06-25 18:33:25] [[32minfo[39m] Middleware's loaded!
[2023-06-25 18:33:25] [[32minfo[39m] Routes loaded!
[2023-06-25 18:33:53] [[32minfo[39m] Environment variables loaded!
[2023-06-25 18:33:53] [[32minfo[39m] Middleware's loaded!
[2023-06-25 18:33:53] [[32minfo[39m] Routes loaded!
[2023-06-25 18:33:56] [[32minfo[39m] Environment variables loaded!
[2023-06-25 18:33:56] [[32minfo[39m] Middleware's loaded!
[2023-06-25 18:33:56] [[32minfo[39m] Routes loaded!
[2023-06-25 18:35:11] [[32minfo[39m] Environment variables loaded!
[2023-06-25 18:35:12] [[32minfo[39m] Middleware's loaded!
[2023-06-25 18:35:12] [[32minfo[39m] Routes loaded!
[2023-06-25 18:35:26] [[32minfo[39m] Environment variables loaded!
[2023-06-25 18:35:26] [[32minfo[39m] Middleware's loaded!
[2023-06-25 18:35:26] [[32minfo[39m] Routes loaded!
[2023-06-25 18:35:34] [[32minfo[39m] Environment variables loaded!
[2023-06-25 18:35:34] [[32minfo[39m] Middleware's loaded!
[2023-06-25 18:35:34] [[32minfo[39m] Routes loaded!
[2023-06-25 18:36:32] [[32minfo[39m] Environment variables loaded!
[2023-06-25 18:36:33] [[32minfo[39m] Middleware's loaded!
[2023-06-25 18:36:33] [[32minfo[39m] Routes loaded!
[2023-06-25 18:36:34] [[32minfo[39m] Environment variables loaded!
[2023-06-25 18:36:34] [[32minfo[39m] Middleware's loaded!
[2023-06-25 18:36:34] [[32minfo[39m] Routes loaded!
[2023-06-25 18:39:03] [[32minfo[39m] Environment variables loaded!
[2023-06-25 18:39:03] [[32minfo[39m] Middleware's loaded!
[2023-06-25 18:39:03] [[32minfo[39m] Routes loaded!
[2023-06-25 18:39:04] [[32minfo[39m] Environment variables loaded!
[2023-06-25 18:39:04] [[32minfo[39m] Middleware's loaded!
[2023-06-25 18:39:04] [[32minfo[39m] Routes loaded!
[2023-06-25 18:39:08] [[32minfo[39m] Environment variables loaded!
[2023-06-25 18:39:08] [[32minfo[39m] Middleware's loaded!
[2023-06-25 18:39:08] [[32minfo[39m] Routes loaded!
[2023-06-25 18:39:10] [[32minfo[39m] Environment variables loaded!
[2023-06-25 18:39:11] [[32minfo[39m] Middleware's loaded!
[2023-06-25 18:39:11] [[32minfo[39m] Routes loaded!
[2023-06-25 18:39:19] [[32minfo[39m] Environment variables loaded!
[2023-06-25 18:39:19] [[32minfo[39m] Middleware's loaded!
[2023-06-25 18:39:19] [[32minfo[39m] Routes loaded!
[2023-06-25 18:39:26] [[32minfo[39m] Environment variables loaded!
[2023-06-25 18:39:27] [[32minfo[39m] Middleware's loaded!
[2023-06-25 18:39:27] [[32minfo[39m] Routes loaded!
[2023-06-25 18:39:29] [[32minfo[39m] Environment variables loaded!
[2023-06-25 18:39:29] [[32minfo[39m] Middleware's loaded!
[2023-06-25 18:39:29] [[32minfo[39m] Routes loaded!
[2023-06-25 18:39:34] [[32minfo[39m] Environment variables loaded!
[2023-06-25 18:39:35] [[32minfo[39m] Middleware's loaded!
[2023-06-25 18:39:35] [[32minfo[39m] Routes loaded!
[2023-06-25 18:39:39] [[32minfo[39m] Environment variables loaded!
[2023-06-25 18:39:39] [[32minfo[39m] Middleware's loaded!
[2023-06-25 18:39:39] [[32minfo[39m] Routes loaded!
[2023-06-25 18:41:41] [[32minfo[39m] Environment variables loaded!
[2023-06-25 18:41:41] [[31merror[39m] uncaughtException: Lexical declaration cannot appear in a single-statement context
E:\Najot talim\Exam_3\src\controllers\category.js:72
      let duplicated_category = await prisma.category.findFirst({
      ^^^

SyntaxError: Lexical declaration cannot appear in a single-statement context
    at internalCompileFunction (node:internal/vm:73:18)
    at wrapSafe (node:internal/modules/cjs/loader:1176:20)
    at Module._compile (node:internal/modules/cjs/loader:1218:27)
    at Module._extensions..js (node:internal/modules/cjs/loader:1308:10)
    at Module.load (node:internal/modules/cjs/loader:1117:32)
    at Module._load (node:internal/modules/cjs/loader:958:12)
    at Module.require (node:internal/modules/cjs/loader:1141:19)
    at require (node:internal/modules/cjs/helpers:110:18)
    at Object.<anonymous> (E:\Najot talim\Exam_3\src\routes\category.js:2:20)
    at Module._compile (node:internal/modules/cjs/loader:1254:14)
[2023-06-25 18:41:42] [[32minfo[39m] Environment variables loaded!
[2023-06-25 18:41:43] [[32minfo[39m] Middleware's loaded!
[2023-06-25 18:41:43] [[32minfo[39m] Routes loaded!
[2023-06-25 18:41:50] [[32minfo[39m] Environment variables loaded!
[2023-06-25 18:41:50] [[32minfo[39m] Middleware's loaded!
[2023-06-25 18:41:50] [[32minfo[39m] Routes loaded!
[2023-06-25 18:41:52] [[32minfo[39m] Environment variables loaded!
[2023-06-25 18:41:53] [[32minfo[39m] Middleware's loaded!
[2023-06-25 18:41:53] [[32minfo[39m] Routes loaded!
[2023-06-25 18:41:54] [[32minfo[39m] Environment variables loaded!
[2023-06-25 18:41:54] [[32minfo[39m] Middleware's loaded!
[2023-06-25 18:41:54] [[32minfo[39m] Routes loaded!
[2023-06-25 18:41:58] [[32minfo[39m] Environment variables loaded!
[2023-06-25 18:41:59] [[32minfo[39m] Middleware's loaded!
[2023-06-25 18:41:59] [[32minfo[39m] Routes loaded!
[2023-06-25 18:42:01] [[32minfo[39m] Environment variables loaded!
[2023-06-25 18:42:01] [[31merror[39m] uncaughtException: Unexpected token '}'
E:\Najot talim\Exam_3\src\controllers\category.js:72
      })
      ^

SyntaxError: Unexpected token '}'
    at internalCompileFunction (node:internal/vm:73:18)
    at wrapSafe (node:internal/modules/cjs/loader:1176:20)
    at Module._compile (node:internal/modules/cjs/loader:1218:27)
    at Module._extensions..js (node:internal/modules/cjs/loader:1308:10)
    at Module.load (node:internal/modules/cjs/loader:1117:32)
    at Module._load (node:internal/modules/cjs/loader:958:12)
    at Module.require (node:internal/modules/cjs/loader:1141:19)
    at require (node:internal/modules/cjs/helpers:110:18)
    at Object.<anonymous> (E:\Najot talim\Exam_3\src\routes\category.js:2:20)
    at Module._compile (node:internal/modules/cjs/loader:1254:14)
[2023-06-25 18:42:03] [[32minfo[39m] Environment variables loaded!
[2023-06-25 18:42:03] [[32minfo[39m] Middleware's loaded!
[2023-06-25 18:42:03] [[32minfo[39m] Routes loaded!
[2023-06-25 18:42:17] [[32minfo[39m] Environment variables loaded!
[2023-06-25 18:42:17] [[32minfo[39m] Middleware's loaded!
[2023-06-25 18:42:17] [[32minfo[39m] Routes loaded!
[2023-06-25 18:42:37] [[32minfo[39m] Environment variables loaded!
[2023-06-25 18:42:38] [[32minfo[39m] Middleware's loaded!
[2023-06-25 18:42:38] [[32minfo[39m] Routes loaded!
[2023-06-25 18:42:40] [[32minfo[39m] Environment variables loaded!
[2023-06-25 18:42:40] [[32minfo[39m] Middleware's loaded!
[2023-06-25 18:42:40] [[32minfo[39m] Routes loaded!
[2023-06-25 18:42:43] [[32minfo[39m] Environment variables loaded!
[2023-06-25 18:42:43] [[32minfo[39m] Middleware's loaded!
[2023-06-25 18:42:43] [[32minfo[39m] Routes loaded!
[2023-06-25 18:43:08] [[32minfo[39m] Environment variables loaded!
[2023-06-25 18:43:09] [[32minfo[39m] Middleware's loaded!
[2023-06-25 18:43:09] [[32minfo[39m] Routes loaded!
[2023-06-25 18:43:41] [[32minfo[39m] Environment variables loaded!
[2023-06-25 18:43:41] [[32minfo[39m] Middleware's loaded!
[2023-06-25 18:43:41] [[32minfo[39m] Routes loaded!
[2023-06-25 18:43:53] [[32minfo[39m] Environment variables loaded!
[2023-06-25 18:43:54] [[32minfo[39m] Middleware's loaded!
[2023-06-25 18:43:54] [[32minfo[39m] Routes loaded!
[2023-06-25 18:45:08] [[32minfo[39m] Environment variables loaded!
[2023-06-25 18:45:08] [[32minfo[39m] Middleware's loaded!
[2023-06-25 18:45:08] [[32minfo[39m] Routes loaded!
[2023-06-25 18:45:12] [[32minfo[39m] Environment variables loaded!
[2023-06-25 18:45:12] [[32minfo[39m] Middleware's loaded!
[2023-06-25 18:45:12] [[32minfo[39m] Routes loaded!
[2023-06-25 18:45:17] [[32minfo[39m] Environment variables loaded!
[2023-06-25 18:45:18] [[32minfo[39m] Middleware's loaded!
[2023-06-25 18:45:18] [[32minfo[39m] Routes loaded!
[2023-06-25 18:45:23] [[32minfo[39m] Environment variables loaded!
[2023-06-25 18:45:24] [[32minfo[39m] Middleware's loaded!
[2023-06-25 18:45:24] [[32minfo[39m] Routes loaded!
[2023-06-25 18:45:31] [[32minfo[39m] Environment variables loaded!
[2023-06-25 18:45:32] [[32minfo[39m] Middleware's loaded!
[2023-06-25 18:45:32] [[32minfo[39m] Routes loaded!
[2023-06-25 18:45:35] [[32minfo[39m] Environment variables loaded!
[2023-06-25 18:45:36] [[32minfo[39m] Middleware's loaded!
[2023-06-25 18:45:36] [[32minfo[39m] Routes loaded!
[2023-06-25 18:51:48] [[32minfo[39m] Environment variables loaded!
[2023-06-25 18:51:48] [[32minfo[39m] Middleware's loaded!
[2023-06-25 18:51:48] [[32minfo[39m] Routes loaded!
[2023-06-25 18:52:14] [[32minfo[39m] Environment variables loaded!
[2023-06-25 18:52:15] [[32minfo[39m] Middleware's loaded!
[2023-06-25 18:52:15] [[32minfo[39m] Routes loaded!
[2023-06-25 18:52:17] [[32minfo[39m] Environment variables loaded!
[2023-06-25 18:52:17] [[32minfo[39m] Middleware's loaded!
[2023-06-25 18:52:17] [[32minfo[39m] Routes loaded!
[2023-06-25 18:52:22] [[32minfo[39m] Environment variables loaded!
[2023-06-25 18:52:22] [[32minfo[39m] Middleware's loaded!
[2023-06-25 18:52:22] [[32minfo[39m] Routes loaded!
[2023-06-25 18:52:29] [[32minfo[39m] Environment variables loaded!
[2023-06-25 18:52:29] [[32minfo[39m] Middleware's loaded!
[2023-06-25 18:52:29] [[32minfo[39m] Routes loaded!
[2023-06-25 18:52:31] [[32minfo[39m] Environment variables loaded!
[2023-06-25 18:52:31] [[32minfo[39m] Middleware's loaded!
[2023-06-25 18:52:31] [[32minfo[39m] Routes loaded!
[2023-06-25 18:52:32] [[32minfo[39m] Environment variables loaded!
[2023-06-25 18:52:33] [[32minfo[39m] Middleware's loaded!
[2023-06-25 18:52:33] [[32minfo[39m] Routes loaded!
[2023-06-25 18:52:37] [[32minfo[39m] Environment variables loaded!
[2023-06-25 18:52:38] [[32minfo[39m] Middleware's loaded!
[2023-06-25 18:52:38] [[32minfo[39m] Routes loaded!
[2023-06-25 18:52:39] [[32minfo[39m] Environment variables loaded!
[2023-06-25 18:52:39] [[32minfo[39m] Middleware's loaded!
[2023-06-25 18:52:39] [[32minfo[39m] Routes loaded!
[2023-06-25 18:52:41] [[32minfo[39m] Environment variables loaded!
[2023-06-25 18:52:41] [[32minfo[39m] Middleware's loaded!
[2023-06-25 18:52:41] [[32minfo[39m] Routes loaded!
[2023-06-25 18:52:48] [[32minfo[39m] Environment variables loaded!
[2023-06-25 18:52:49] [[32minfo[39m] Middleware's loaded!
[2023-06-25 18:52:49] [[32minfo[39m] Routes loaded!
[2023-06-25 18:52:53] [[32minfo[39m] Environment variables loaded!
[2023-06-25 18:52:53] [[32minfo[39m] Middleware's loaded!
[2023-06-25 18:52:53] [[32minfo[39m] Routes loaded!
[2023-06-25 18:52:54] [[32minfo[39m] Environment variables loaded!
[2023-06-25 18:52:54] [[32minfo[39m] Middleware's loaded!
[2023-06-25 18:52:54] [[32minfo[39m] Routes loaded!
[2023-06-25 18:52:57] [[32minfo[39m] Environment variables loaded!
[2023-06-25 18:52:58] [[32minfo[39m] Middleware's loaded!
[2023-06-25 18:52:58] [[32minfo[39m] Routes loaded!
[2023-06-25 18:53:02] [[32minfo[39m] Environment variables loaded!
[2023-06-25 18:53:02] [[32minfo[39m] Middleware's loaded!
[2023-06-25 18:53:02] [[32minfo[39m] Routes loaded!
[2023-06-25 18:53:04] [[32minfo[39m] Environment variables loaded!
[2023-06-25 18:53:04] [[32minfo[39m] Middleware's loaded!
[2023-06-25 18:53:04] [[32minfo[39m] Routes loaded!
[2023-06-25 18:53:05] [[32minfo[39m] Environment variables loaded!
[2023-06-25 18:53:06] [[32minfo[39m] Middleware's loaded!
[2023-06-25 18:53:06] [[32minfo[39m] Routes loaded!
[2023-06-25 18:53:10] [[32minfo[39m] Environment variables loaded!
[2023-06-25 18:53:11] [[32minfo[39m] Middleware's loaded!
[2023-06-25 18:53:11] [[32minfo[39m] Routes loaded!
[2023-06-25 18:53:16] [[32minfo[39m] Environment variables loaded!
[2023-06-25 18:53:16] [[32minfo[39m] Middleware's loaded!
[2023-06-25 18:53:16] [[32minfo[39m] Routes loaded!
[2023-06-25 18:53:19] [[32minfo[39m] Environment variables loaded!
[2023-06-25 18:53:19] [[32minfo[39m] Middleware's loaded!
[2023-06-25 18:53:19] [[32minfo[39m] Routes loaded!
[2023-06-25 18:53:20] [[32minfo[39m] Environment variables loaded!
[2023-06-25 18:53:20] [[32minfo[39m] Middleware's loaded!
[2023-06-25 18:53:20] [[32minfo[39m] Routes loaded!
[2023-06-25 18:53:24] [[32minfo[39m] Environment variables loaded!
[2023-06-25 18:53:24] [[32minfo[39m] Middleware's loaded!
[2023-06-25 18:53:24] [[32minfo[39m] Routes loaded!
[2023-06-25 18:53:29] [[32minfo[39m] Environment variables loaded!
[2023-06-25 18:53:29] [[32minfo[39m] Middleware's loaded!
[2023-06-25 18:53:29] [[32minfo[39m] Routes loaded!
[2023-06-25 21:27:49] [[32minfo[39m] Environment variables loaded!
[2023-06-25 21:27:51] [[32minfo[39m] Middleware's loaded!
[2023-06-25 21:27:51] [[32minfo[39m] Routes loaded!
[2023-06-25 22:26:14] [[32minfo[39m] Environment variables loaded!
[2023-06-25 22:26:18] [[32minfo[39m] Middleware's loaded!
[2023-06-25 22:26:18] [[32minfo[39m] Routes loaded!
[2023-06-25 22:43:32] [[32minfo[39m] Environment variables loaded!
[2023-06-25 22:43:32] [[32minfo[39m] Middleware's loaded!
[2023-06-25 22:43:32] [[32minfo[39m] Routes loaded!
[2023-06-25 22:43:40] [[32minfo[39m] Environment variables loaded!
[2023-06-25 22:43:41] [[32minfo[39m] Middleware's loaded!
[2023-06-25 22:43:41] [[32minfo[39m] Routes loaded!
[2023-06-25 22:43:42] [[32minfo[39m] Environment variables loaded!
[2023-06-25 22:43:42] [[32minfo[39m] Middleware's loaded!
[2023-06-25 22:43:42] [[32minfo[39m] Routes loaded!
[2023-06-25 22:43:43] [[32minfo[39m] Environment variables loaded!
[2023-06-25 22:43:44] [[32minfo[39m] Middleware's loaded!
[2023-06-25 22:43:44] [[32minfo[39m] Routes loaded!
[2023-06-25 22:43:50] [[32minfo[39m] Environment variables loaded!
[2023-06-25 22:43:50] [[32minfo[39m] Middleware's loaded!
[2023-06-25 22:43:50] [[32minfo[39m] Routes loaded!
[2023-06-25 22:43:56] [[32minfo[39m] Environment variables loaded!
[2023-06-25 22:43:56] [[32minfo[39m] Middleware's loaded!
[2023-06-25 22:43:56] [[32minfo[39m] Routes loaded!
[2023-06-25 22:43:59] [[32minfo[39m] Environment variables loaded!
[2023-06-25 22:44:00] [[32minfo[39m] Middleware's loaded!
[2023-06-25 22:44:00] [[32minfo[39m] Routes loaded!
[2023-06-25 22:44:01] [[32minfo[39m] Environment variables loaded!
[2023-06-25 22:44:02] [[32minfo[39m] Middleware's loaded!
[2023-06-25 22:44:02] [[32minfo[39m] Routes loaded!
[2023-06-25 22:44:30] [[32minfo[39m] Environment variables loaded!
[2023-06-25 22:44:31] [[32minfo[39m] Middleware's loaded!
[2023-06-25 22:44:31] [[32minfo[39m] Routes loaded!
[2023-06-25 22:44:39] [[32minfo[39m] Environment variables loaded!
[2023-06-25 22:44:39] [[32minfo[39m] Middleware's loaded!
[2023-06-25 22:44:39] [[32minfo[39m] Routes loaded!
[2023-06-25 22:44:49] [[32minfo[39m] Environment variables loaded!
[2023-06-25 22:44:49] [[32minfo[39m] Middleware's loaded!
[2023-06-25 22:44:49] [[32minfo[39m] Routes loaded!
[2023-06-25 22:44:55] [[32minfo[39m] Environment variables loaded!
[2023-06-25 22:44:56] [[32minfo[39m] Middleware's loaded!
[2023-06-25 22:44:56] [[32minfo[39m] Routes loaded!
[2023-06-25 22:45:00] [[32minfo[39m] Environment variables loaded!
[2023-06-25 22:45:00] [[32minfo[39m] Middleware's loaded!
[2023-06-25 22:45:00] [[32minfo[39m] Routes loaded!
[2023-06-25 22:45:03] [[32minfo[39m] Environment variables loaded!
[2023-06-25 22:45:03] [[32minfo[39m] Middleware's loaded!
[2023-06-25 22:45:03] [[32minfo[39m] Routes loaded!
[2023-06-25 22:45:26] [[32minfo[39m] Environment variables loaded!
[2023-06-25 22:45:27] [[32minfo[39m] Middleware's loaded!
[2023-06-25 22:45:27] [[32minfo[39m] Routes loaded!
[2023-06-25 22:45:30] [[32minfo[39m] Environment variables loaded!
[2023-06-25 22:45:31] [[32minfo[39m] Middleware's loaded!
[2023-06-25 22:45:31] [[32minfo[39m] Routes loaded!
[2023-06-25 22:46:14] [[32minfo[39m] Environment variables loaded!
[2023-06-25 22:46:14] [[32minfo[39m] Middleware's loaded!
[2023-06-25 22:46:14] [[32minfo[39m] Routes loaded!
[2023-06-25 22:46:17] [[32minfo[39m] Environment variables loaded!
[2023-06-25 22:46:17] [[32minfo[39m] Middleware's loaded!
[2023-06-25 22:46:17] [[32minfo[39m] Routes loaded!
[2023-06-25 22:46:26] [[32minfo[39m] Environment variables loaded!
[2023-06-25 22:46:27] [[32minfo[39m] Middleware's loaded!
[2023-06-25 22:46:27] [[32minfo[39m] Routes loaded!
[2023-06-25 22:46:37] [[32minfo[39m] Environment variables loaded!
[2023-06-25 22:46:37] [[32minfo[39m] Middleware's loaded!
[2023-06-25 22:46:37] [[32minfo[39m] Routes loaded!
[2023-06-25 22:46:38] [[32minfo[39m] Environment variables loaded!
[2023-06-25 22:46:38] [[32minfo[39m] Middleware's loaded!
[2023-06-25 22:46:38] [[32minfo[39m] Routes loaded!
[2023-06-25 23:46:41] [[32minfo[39m] Environment variables loaded!
[2023-06-25 23:46:41] [[32minfo[39m] Middleware's loaded!
[2023-06-25 23:46:41] [[32minfo[39m] Routes loaded!
[2023-06-25 23:46:47] [[32minfo[39m] Environment variables loaded!
[2023-06-25 23:46:48] [[32minfo[39m] Middleware's loaded!
[2023-06-25 23:46:48] [[32minfo[39m] Routes loaded!
[2023-06-25 23:46:54] [[32minfo[39m] Environment variables loaded!
[2023-06-25 23:46:55] [[32minfo[39m] Middleware's loaded!
[2023-06-25 23:46:55] [[32minfo[39m] Routes loaded!
[2023-06-25 23:46:59] [[32minfo[39m] Environment variables loaded!
[2023-06-25 23:47:00] [[32minfo[39m] Middleware's loaded!
[2023-06-25 23:47:00] [[32minfo[39m] Routes loaded!
[2023-06-25 23:47:04] [[32minfo[39m] Environment variables loaded!
[2023-06-25 23:47:04] [[32minfo[39m] Middleware's loaded!
[2023-06-25 23:47:04] [[32minfo[39m] Routes loaded!
[2023-06-25 23:47:06] [[32minfo[39m] Environment variables loaded!
[2023-06-25 23:47:06] [[32minfo[39m] Middleware's loaded!
[2023-06-25 23:47:06] [[32minfo[39m] Routes loaded!
[2023-06-25 23:47:09] [[32minfo[39m] Environment variables loaded!
[2023-06-25 23:47:10] [[32minfo[39m] Middleware's loaded!
[2023-06-25 23:47:10] [[32minfo[39m] Routes loaded!
[2023-06-25 23:47:16] [[32minfo[39m] Environment variables loaded!
[2023-06-25 23:47:16] [[32minfo[39m] Middleware's loaded!
[2023-06-25 23:47:16] [[32minfo[39m] Routes loaded!
[2023-06-25 23:47:21] [[32minfo[39m] Environment variables loaded!
[2023-06-25 23:47:21] [[32minfo[39m] Middleware's loaded!
[2023-06-25 23:47:21] [[32minfo[39m] Routes loaded!
[2023-06-25 23:47:27] [[32minfo[39m] Environment variables loaded!
[2023-06-25 23:47:27] [[32minfo[39m] Middleware's loaded!
[2023-06-25 23:47:27] [[32minfo[39m] Routes loaded!
[2023-06-25 23:47:37] [[32minfo[39m] Environment variables loaded!
[2023-06-25 23:47:37] [[32minfo[39m] Middleware's loaded!
[2023-06-25 23:47:37] [[32minfo[39m] Routes loaded!
[2023-06-25 23:47:39] [[32minfo[39m] Environment variables loaded!
[2023-06-25 23:47:40] [[32minfo[39m] Middleware's loaded!
[2023-06-25 23:47:40] [[32minfo[39m] Routes loaded!
[2023-06-25 23:47:41] [[32minfo[39m] Environment variables loaded!
[2023-06-25 23:47:42] [[32minfo[39m] Middleware's loaded!
[2023-06-25 23:47:42] [[32minfo[39m] Routes loaded!
[2023-06-25 23:48:03] [[32minfo[39m] Environment variables loaded!
[2023-06-25 23:48:03] [[32minfo[39m] Middleware's loaded!
[2023-06-25 23:48:03] [[32minfo[39m] Routes loaded!
[2023-06-25 23:48:12] [[32minfo[39m] Environment variables loaded!
[2023-06-25 23:48:13] [[32minfo[39m] Middleware's loaded!
[2023-06-25 23:48:13] [[32minfo[39m] Routes loaded!
[2023-06-25 23:48:24] [[32minfo[39m] Environment variables loaded!
[2023-06-25 23:48:24] [[32minfo[39m] Middleware's loaded!
[2023-06-25 23:48:24] [[32minfo[39m] Routes loaded!
[2023-06-25 23:48:30] [[32minfo[39m] Environment variables loaded!
[2023-06-25 23:48:31] [[32minfo[39m] Middleware's loaded!
[2023-06-25 23:48:31] [[32minfo[39m] Routes loaded!
[2023-06-25 23:48:35] [[32minfo[39m] Environment variables loaded!
[2023-06-25 23:48:35] [[32minfo[39m] Middleware's loaded!
[2023-06-25 23:48:35] [[32minfo[39m] Routes loaded!
[2023-06-25 23:48:39] [[32minfo[39m] Environment variables loaded!
[2023-06-25 23:48:40] [[32minfo[39m] Middleware's loaded!
[2023-06-25 23:48:40] [[32minfo[39m] Routes loaded!
[2023-06-25 23:51:56] [[32minfo[39m] Environment variables loaded!
[2023-06-25 23:51:57] [[32minfo[39m] Middleware's loaded!
[2023-06-25 23:51:57] [[32minfo[39m] Routes loaded!
[2023-06-25 23:53:54] [[32minfo[39m] Environment variables loaded!
[2023-06-25 23:53:55] [[32minfo[39m] Middleware's loaded!
[2023-06-25 23:53:55] [[32minfo[39m] Routes loaded!
[2023-06-25 23:53:56] [[32minfo[39m] Environment variables loaded!
[2023-06-25 23:53:57] [[32minfo[39m] Middleware's loaded!
[2023-06-25 23:53:57] [[32minfo[39m] Routes loaded!
[2023-06-25 23:53:59] [[32minfo[39m] Environment variables loaded!
[2023-06-25 23:53:59] [[32minfo[39m] Middleware's loaded!
[2023-06-25 23:53:59] [[32minfo[39m] Routes loaded!
[2023-06-25 23:54:53] [[32minfo[39m] Environment variables loaded!
[2023-06-25 23:54:53] [[32minfo[39m] Middleware's loaded!
[2023-06-25 23:54:53] [[32minfo[39m] Routes loaded!
[2023-06-25 23:54:56] [[32minfo[39m] Environment variables loaded!
[2023-06-25 23:54:56] [[32minfo[39m] Middleware's loaded!
[2023-06-25 23:54:56] [[32minfo[39m] Routes loaded!
